Adam-Final/Library/Bee/Android/Prj/Mono2x/Gradle/unityLibrary/build/intermediates/manifest_merge_blame_file/release/manifest-merger-blame-release-report.txt
1<?xml version="1.0" encoding="utf-8"?>
2<manifest xmlns:android="http://schemas.android.com/apk/res/android"
3    xmlns:tools="http://schemas.android.com/tools"
4    package="com.unity3d.player" >
5
6    <uses-sdk android:minSdkVersion="23" />
6-->src\main\AndroidManifest.xml
7
8    <uses-permission android:name="android.permission.INTERNET" />
8-->src\main\AndroidManifest.xml:3:3-65
8-->src\main\AndroidManifest.xml:3:20-62
9
10    <uses-feature android:glEsVersion="0x00030000" />
10-->src\main\AndroidManifest.xml:4:3-52
10-->src\main\AndroidManifest.xml:4:17-49
11    <uses-feature
11-->src\main\AndroidManifest.xml:5:3-88
12        android:name="android.hardware.touchscreen"
12-->src\main\AndroidManifest.xml:5:17-60
13        android:required="false" />
13-->src\main\AndroidManifest.xml:5:61-85
14    <uses-feature
14-->src\main\AndroidManifest.xml:6:3-99
15        android:name="android.hardware.touchscreen.multitouch"
15-->src\main\AndroidManifest.xml:6:17-71
16        android:required="false" />
16-->src\main\AndroidManifest.xml:6:72-96
17    <uses-feature
17-->src\main\AndroidManifest.xml:7:3-108
18        android:name="android.hardware.touchscreen.multitouch.distinct"
18-->src\main\AndroidManifest.xml:7:17-80
19        android:required="false" />
19-->src\main\AndroidManifest.xml:7:81-105
20
21    <application android:extractNativeLibs="true" >
21-->src\main\AndroidManifest.xml:8:3-23:17
21-->src\main\AndroidManifest.xml:8:16-48
22        <meta-data
22-->src\main\AndroidManifest.xml:9:5-69
23            android:name="unity.splash-mode"
23-->src\main\AndroidManifest.xml:9:16-48
24            android:value="0" />
24-->src\main\AndroidManifest.xml:9:49-66
25        <meta-data
25-->src\main\AndroidManifest.xml:10:5-74
26            android:name="unity.splash-enable"
26-->src\main\AndroidManifest.xml:10:16-50
27            android:value="True" />
27-->src\main\AndroidManifest.xml:10:51-71
28        <meta-data
28-->src\main\AndroidManifest.xml:11:5-78
29            android:name="unity.launch-fullscreen"
29-->src\main\AndroidManifest.xml:11:16-54
30            android:value="True" />
30-->src\main\AndroidManifest.xml:11:55-75
31        <meta-data
31-->src\main\AndroidManifest.xml:12:5-84
32            android:name="unity.render-outside-safearea"
32-->src\main\AndroidManifest.xml:12:16-60
33            android:value="True" />
33-->src\main\AndroidManifest.xml:12:61-81
34        <meta-data
34-->src\main\AndroidManifest.xml:13:5-81
35            android:name="notch.config"
35-->src\main\AndroidManifest.xml:13:16-43
36            android:value="portrait|landscape" />
36-->src\main\AndroidManifest.xml:13:44-78
37        <meta-data
37-->src\main\AndroidManifest.xml:14:5-84
38            android:name="unity.auto-report-fully-drawn"
38-->src\main\AndroidManifest.xml:14:16-60
39            android:value="true" />
39-->src\main\AndroidManifest.xml:14:61-81
40
41        <activity
41-->src\main\AndroidManifest.xml:15:5-22:16
42            android:name="com.unity3d.player.UnityPlayerActivity"
42-->src\main\AndroidManifest.xml:15:15-68
43            android:configChanges="mcc|mnc|locale|touchscreen|keyboard|keyboardHidden|navigation|orientation|screenLayout|uiMode|screenSize|smallestScreenSize|fontScale|layoutDirection|density"
43-->src\main\AndroidManifest.xml:15:180-361
44            android:exported="true"
44-->src\main\AndroidManifest.xml:15:433-456
45            android:hardwareAccelerated="false"
45-->src\main\AndroidManifest.xml:15:397-432
46            android:launchMode="singleTask"
46-->src\main\AndroidManifest.xml:15:148-179
47            android:resizeableActivity="false"
47-->src\main\AndroidManifest.xml:15:362-396
48            android:screenOrientation="fullUser"
48-->src\main\AndroidManifest.xml:15:111-147
49            android:theme="@style/UnityThemeSelector" >
49-->src\main\AndroidManifest.xml:15:69-110
50            <intent-filter>
50-->src\main\AndroidManifest.xml:16:7-19:23
51                <category android:name="android.intent.category.LAUNCHER" />
51-->src\main\AndroidManifest.xml:17:9-69
51-->src\main\AndroidManifest.xml:17:19-66
52
53                <action android:name="android.intent.action.MAIN" />
53-->src\main\AndroidManifest.xml:18:9-61
53-->src\main\AndroidManifest.xml:18:17-58
54            </intent-filter>
55
56            <meta-data
56-->src\main\AndroidManifest.xml:20:7-82
57                android:name="unityplayer.UnityActivity"
57-->src\main\AndroidManifest.xml:20:18-58
58                android:value="true" />
58-->src\main\AndroidManifest.xml:20:59-79
59            <meta-data
59-->src\main\AndroidManifest.xml:21:7-70
60                android:name="notch_support"
60-->src\main\AndroidManifest.xml:21:18-46
61                android:value="true" />
61-->src\main\AndroidManifest.xml:21:47-67
62        </activity>
63    </application>
64
65</manifest>